<?xml version="1.0" encoding="UTF-8"?>
<!-- Generated by org.testng.reporters.JUnitReportReporter -->
<testsuite hostname="LAPTOP-QNOC3UCT" name="TestPackage.DropDownTest" tests="1" failures="0" timestamp="2 Jun 2020 10:04:25 GMT" time="5.961" errors="0">
  <testcase name="DropDown" time="5.961" classname="TestPackage.DropDownTest"/>
</testsuite> <!-- TestPackage.DropDownTest -->
