<?xml version="1.0" encoding="UTF-8"?>
<!-- Generated by org.testng.reporters.JUnitReportReporter -->
<testsuite hostname="LAPTOP-QNOC3UCT" name="TestPackage.LinkTestPage" tests="1" failures="0" timestamp="2 Jun 2020 11:33:01 GMT" time="0.808" errors="0">
  <testcase name="Link_Details" time="0.808" classname="TestPackage.LinkTestPage"/>
</testsuite> <!-- TestPackage.LinkTestPage -->
