<?xml version="1.0" encoding="UTF-8"?>
<!-- Generated by org.testng.reporters.JUnitReportReporter -->
<testsuite hostname="LAPTOP-QNOC3UCT" name="TestPackage.WindowsTestPage" tests="1" failures="0" timestamp="3 Jun 2020 12:24:44 GMT" time="5.536" errors="0">
  <testcase name="windows" time="5.536" classname="TestPackage.WindowsTestPage"/>
</testsuite> <!-- TestPackage.WindowsTestPage -->
