<?xml version="1.0" encoding="UTF-8"?>
<!-- Generated by org.testng.reporters.JUnitReportReporter -->
<testsuite hostname="LAPTOP-QNOC3UCT" name="TestPackage.ButtonTestPage" tests="1" failures="0" timestamp="1 Jun 2020 10:19:18 GMT" time="1.298" errors="0">
  <testcase name="Button" time="1.298" classname="TestPackage.ButtonTestPage"/>
</testsuite> <!-- TestPackage.ButtonTestPage -->
