<?xml version="1.0" encoding="UTF-8"?>
<!-- Generated by org.testng.reporters.JUnitReportReporter -->
<testsuite hostname="LAPTOP-QNOC3UCT" name="TestPackage.TextTestPage" tests="1" failures="0" timestamp="29 May 2020 14:11:37 GMT" time="3.290" errors="0">
  <testcase name="Text" time="3.290" classname="TestPackage.TextTestPage"/>
</testsuite> <!-- TestPackage.TextTestPage -->
