<?xml version="1.0" encoding="UTF-8"?>
<!-- Generated by org.testng.reporters.JUnitReportReporter -->
<testsuite hostname="LAPTOP-QNOC3UCT" name="TestPackage.iframeTestPage" tests="1" failures="0" timestamp="3 Jun 2020 11:15:15 GMT" time="1.933" errors="0">
  <testcase name="iframe_Details" time="1.933" classname="TestPackage.iframeTestPage"/>
</testsuite> <!-- TestPackage.iframeTestPage -->
